TN:
SF:/Users/michael/Desktop/github/fetch-with-hook/src/index.ts
FN:12,fetchHook
FN:21,(anonymous_13)
FN:25,(anonymous_16)
FN:26,(anonymous_19)
FN:29,(anonymous_20)
FN:33,(anonymous_21)
FN:51,(anonymous_24)
FNF:7
FNH:6
FNDA:1,fetchHook
FNDA:2,(anonymous_13)
FNDA:2,(anonymous_16)
FNDA:2,(anonymous_19)
FNDA:0,(anonymous_20)
FNDA:2,(anonymous_21)
FNDA:2,(anonymous_24)
DA:10,1
DA:12,1
DA:13,1
DA:14,1
DA:15,1
DA:21,1
DA:25,2
DA:26,2
DA:27,2
DA:29,2
DA:30,0
DA:31,0
DA:33,2
DA:34,2
DA:36,2
DA:40,2
DA:42,0
DA:45,2
DA:48,1
DA:51,1
DA:52,2
LF:21
LH:18
BRDA:30,0,0,0
BRDA:30,0,1,0
BRF:2
BRH:0
end_of_record
